
2024-10-14 11:53:49,910 - WARNING - Verkeerd wachtwoord ingevoerd door gebruiker: None
2024-10-14 11:53:52,267 - WARNING - Verkeerd wachtwoord ingevoerd door gebruiker: dw
2024-10-14 11:54:04,808 - WARNING - Verkeerd wachtwoord ingevoerd door gebruiker: dw
2024-10-14 11:54:16,824 - WARNING - Verkeerd wachtwoord ingevoerd door gebruiker: None
2024-10-14 11:59:10,869 - WARNING - Verkeerd wachtwoord ingevoerd door gebruiker: None
2024-10-14 11:59:16,871 - INFO - kangyou logged in successfully.
2024-10-14 11:59:26,871 - INFO - kangyou logged out.
2024-10-14 12:01:48,660 - WARNING - Verkeerd wachtwoord ingevoerd door gebruiker: None
2024-10-14 12:01:53,038 - INFO - kangyou logged in successfully.
2024-10-14 12:02:13,134 - INFO - kangyou logged out.
2024-10-14 12:02:17,646 - WARNING - Verkeerd wachtwoord ingevoerd door gebruiker: None
2024-10-14 12:02:31,090 - WARNING - Verkeerd wachtwoord ingevoerd door gebruiker: kangyou
2024-10-14 12:02:43,490 - WARNING - Verkeerd wachtwoord ingevoerd door gebruiker: 123
2024-10-14 12:38:56,518 - INFO - kangyou logged out.
2024-10-14 12:39:06,926 - WARNING - Verkeerd wachtwoord ingevoerd door gebruiker: None
2024-10-14 12:42:33,148 - INFO - kangyou logged out.
2024-10-14 12:42:33,158 - INFO - Home view bezocht door gebruiker: gast
2024-10-14 12:42:34,314 - WARNING - Verkeerd wachtwoord ingevoerd door gebruiker: None
2024-10-14 12:42:41,373 - INFO - kangyou logged in successfully.
2024-10-14 12:58:58,647 - INFO - Home view bezocht door gebruiker: kangyou
2024-10-14 12:59:04,050 - INFO - test2 view bezocht door gebruiker: kangyou
2024-10-14 12:59:08,211 - INFO - test1 view bezocht door gebruiker: kangyou
2024-10-14 12:59:10,801 - INFO - test2 view bezocht door gebruiker: kangyou
2024-10-14 12:59:13,135 - INFO - kangyou clicked the button.
2024-10-14 12:59:13,150 - INFO - Home view bezocht door gebruiker: kangyou
2024-10-14 13:00:57,334 - INFO - kangyou logged out.
2024-10-14 13:00:57,337 - INFO - Home view bezocht door gebruiker: gast
2024-10-14 13:03:39,202 - INFO - test2 view bezocht door gebruiker: gast
2024-10-14 13:03:51,754 - INFO - Home view bezocht door gebruiker: gast
2024-10-14 13:10:33,337 - INFO -  someone created an account.
2024-10-14 13:10:33,358 - INFO - Home view bezocht door gebruiker: jan
2024-10-14 13:10:44,277 - INFO - jan clicked the button.
2024-10-14 13:10:44,289 - INFO - Home view bezocht door gebruiker: jan
2024-10-14 13:10:44,941 - INFO - jan clicked the button.
2024-10-14 13:10:44,956 - INFO - Home view bezocht door gebruiker: jan
2024-10-14 13:10:45,584 - INFO - jan clicked the button.
2024-10-14 13:10:45,592 - INFO - Home view bezocht door gebruiker: jan
2024-10-14 13:10:46,129 - INFO - jan clicked the button.
2024-10-14 13:10:46,134 - INFO - Home view bezocht door gebruiker: jan
2024-10-14 13:10:46,641 - INFO - jan clicked the button.
2024-10-14 13:10:46,649 - INFO - Home view bezocht door gebruiker: jan
2024-10-14 13:10:47,180 - INFO - jan clicked the button.
2024-10-14 13:10:47,187 - INFO - Home view bezocht door gebruiker: jan
2024-10-14 13:10:47,772 - INFO - jan clicked the button.
2024-10-14 13:10:47,778 - INFO - Home view bezocht door gebruiker: jan
2024-10-14 13:10:48,283 - INFO - jan clicked the button.
2024-10-14 13:10:48,294 - INFO - Home view bezocht door gebruiker: jan
2024-10-14 13:11:13,564 - INFO - jan clicked the button.
2024-10-14 13:11:13,575 - INFO - Home view bezocht door gebruiker: jan
2024-10-14 13:11:14,327 - INFO - jan clicked the button.
2024-10-14 13:11:14,335 - INFO - Home view bezocht door gebruiker: jan
2024-10-14 13:11:15,257 - INFO - jan clicked the button.
2024-10-14 13:11:15,263 - INFO - Home view bezocht door gebruiker: jan
2024-10-14 13:11:15,715 - INFO - jan clicked the button.
2024-10-14 13:11:15,720 - INFO - Home view bezocht door gebruiker: jan
2024-10-14 13:11:16,102 - INFO - jan clicked the button.
2024-10-14 13:11:16,110 - INFO - Home view bezocht door gebruiker: jan
2024-10-14 13:11:27,675 - INFO - test2 view bezocht door gebruiker: jan
2024-10-14 13:11:29,880 - INFO - test1 view bezocht door gebruiker: jan
2024-10-14 13:11:55,064 - INFO - jan clicked the button.
2024-10-14 13:11:55,070 - INFO - Home view bezocht door gebruiker: jan
2024-10-14 13:11:55,487 - INFO - jan clicked the button.
2024-10-14 13:11:55,493 - INFO - Home view bezocht door gebruiker: jan
2024-10-14 13:12:30,606 - INFO - Home view bezocht door gebruiker: jan
2024-10-14 13:12:32,646 - INFO - jan clicked the button.
2024-10-14 13:12:32,652 - INFO - Home view bezocht door gebruiker: jan
2024-10-14 13:12:33,132 - INFO - jan clicked the button.
2024-10-14 13:12:33,137 - INFO - Home view bezocht door gebruiker: jan
2024-10-14 13:12:53,449 - INFO - Home view bezocht door gebruiker: gast
2024-10-14 13:12:56,670 - WARNING - Verkeerd wachtwoord ingevoerd door gebruiker: None
2024-10-14 13:13:02,319 - WARNING - Verkeerd wachtwoord ingevoerd door gebruiker: KANGYOU
2024-10-14 13:13:06,746 - INFO - kangyou logged in successfully.
2024-10-14 13:13:06,769 - INFO - Home view bezocht door gebruiker: kangyou
2024-10-14 13:13:07,824 - INFO - kangyou clicked the button.
2024-10-14 13:13:07,832 - INFO - Home view bezocht door gebruiker: kangyou
2024-10-14 13:13:08,435 - INFO - kangyou clicked the button.
2024-10-14 13:13:08,444 - INFO - Home view bezocht door gebruiker: kangyou
2024-10-14 13:13:58,084 - INFO - kangyou clicked the button.
2024-10-14 13:13:58,098 - INFO - Home view bezocht door gebruiker: kangyou
2024-10-14 13:13:58,403 - INFO - kangyou clicked the button.
2024-10-14 13:13:58,414 - INFO - Home view bezocht door gebruiker: kangyou
2024-10-14 13:14:05,322 - INFO - kangyou clicked the button.
2024-10-14 13:14:05,366 - INFO - Home view bezocht door gebruiker: kangyou
2024-10-14 13:14:05,672 - INFO - kangyou clicked the button.
2024-10-14 13:14:05,684 - INFO - Home view bezocht door gebruiker: kangyou
2024-10-14 13:15:05,169 - INFO - kangyou clicked the button.
2024-10-14 13:15:05,179 - INFO - Home view bezocht door gebruiker: kangyou
2024-10-14 13:15:05,547 - INFO - kangyou clicked the button.
2024-10-14 13:15:05,559 - INFO - Home view bezocht door gebruiker: kangyou
2024-10-14 13:23:59,176 - INFO - Home view bezocht door gebruiker: jan
2024-10-14 13:24:01,816 - INFO - jan clicked the button.
2024-10-14 13:24:01,827 - INFO - Home view bezocht door gebruiker: jan
2024-10-14 13:24:02,716 - INFO - jan clicked the button.
2024-10-14 13:24:02,722 - INFO - Home view bezocht door gebruiker: jan
2024-10-14 13:24:15,967 - INFO - Home view bezocht door gebruiker: jan
2024-10-14 13:24:41,542 - INFO - Home view bezocht door gebruiker: gast
2024-10-14 13:24:43,168 - WARNING - Verkeerd wachtwoord ingevoerd door gebruiker: None
2024-10-14 13:24:48,517 - INFO - kangyou logged in successfully.
2024-10-14 13:24:48,541 - INFO - Home view bezocht door gebruiker: kangyou
2024-10-14 13:24:50,013 - INFO - kangyou clicked the button.
2024-10-14 13:24:50,023 - INFO - Home view bezocht door gebruiker: kangyou
2024-10-14 13:24:50,462 - INFO - kangyou clicked the button.
2024-10-14 13:24:50,476 - INFO - Home view bezocht door gebruiker: kangyou
2024-10-14 13:25:50,120 - DEBUG - jan clicked the button.
2024-10-14 13:25:50,139 - DEBUG - jan clicked the button.
2024-10-14 13:25:50,147 - INFO - Home view bezocht door gebruiker: jan
2024-10-14 13:27:29,185 - DEBUG - jan clicked the button.
2024-10-14 13:27:29,190 - INFO - Home view bezocht door gebruiker: jan
2024-10-14 13:27:29,618 - DEBUG - jan clicked the button.
2024-10-14 13:27:29,626 - INFO - Home view bezocht door gebruiker: jan
2024-10-14 13:27:39,684 - DEBUG - jan clicked the button.
2024-10-14 13:27:39,689 - INFO - Home view bezocht door gebruiker: jan
2024-10-14 13:30:23,792 - DEBUG - jan clicked the button.
2024-10-14 13:30:23,802 - INFO - Home view bezocht door gebruiker: jan
2024-10-14 13:30:24,206 - DEBUG - jan clicked the button.
2024-10-14 13:30:24,216 - INFO - Home view bezocht door gebruiker: jan
2024-10-14 13:30:42,345 - INFO - test2 view bezocht door gebruiker: jan
2024-10-14 13:30:44,419 - INFO - test1 view bezocht door gebruiker: jan
2024-10-14 13:30:59,675 - INFO - jan logged out.
2024-10-14 13:30:59,680 - INFO - Home view bezocht door gebruiker: gast
2024-10-14 13:31:21,081 - INFO -  someone created an account.
2024-10-14 13:31:21,098 - INFO - Home view bezocht door gebruiker: jesse
2024-10-14 13:45:27,480 - INFO - Home view bezocht door gebruiker: jesse
2024-10-14 13:45:28,588 - INFO - test1 view bezocht door gebruiker: jesse
2024-10-14 13:45:31,396 - INFO - Home view bezocht door gebruiker: jesse
2024-10-14 13:45:39,517 - INFO - test2 view bezocht door gebruiker: jesse
2024-10-14 13:45:41,432 - INFO - test1 view bezocht door gebruiker: jesse
2024-10-14 13:45:43,527 - INFO - test1 view bezocht door gebruiker: jesse
2024-10-14 13:45:44,325 - INFO - Home view bezocht door gebruiker: jesse
2024-10-14 13:46:15,957 - INFO - test2 view bezocht door gebruiker: jesse
2024-10-14 13:46:20,043 - INFO - test1 view bezocht door gebruiker: jesse
2024-10-14 13:46:21,007 - INFO - Home view bezocht door gebruiker: jesse
2024-10-14 13:46:22,591 - INFO - test1 view bezocht door gebruiker: jesse
2024-10-14 13:46:23,397 - INFO - test2 view bezocht door gebruiker: jesse
2024-10-14 13:46:24,789 - INFO - test1 view bezocht door gebruiker: jesse
2024-10-14 13:46:25,377 - INFO - test2 view bezocht door gebruiker: jesse
2024-10-14 13:46:25,809 - INFO - test1 view bezocht door gebruiker: jesse
2024-10-14 13:46:26,151 - INFO - test2 view bezocht door gebruiker: jesse
2024-10-14 13:46:26,730 - INFO - test1 view bezocht door gebruiker: jesse
2024-10-14 13:46:27,091 - INFO - test2 view bezocht door gebruiker: jesse
2024-10-14 13:46:27,182 - INFO - test2 view bezocht door gebruiker: jesse
2024-10-14 13:46:27,577 - INFO - test1 view bezocht door gebruiker: jesse
2024-10-14 13:50:45,319 - INFO - Home view bezocht door gebruiker: jesse
2024-10-14 13:50:51,897 - INFO - jesse logged out.
2024-10-14 13:50:51,922 - INFO - Home view bezocht door gebruiker: gast
2024-10-14 13:50:53,253 - WARNING - Verkeerd wachtwoord ingevoerd door gebruiker: None
2024-10-14 13:52:04,900 - WARNING - Verkeerd wachtwoord ingevoerd door gebruiker: f
2024-10-14 13:52:18,946 - WARNING - Verkeerd wachtwoord ingevoerd door gebruiker: f
2024-10-14 13:53:22,073 - WARNING - Verkeerd wachtwoord ingevoerd door gebruiker: f
2024-10-14 13:53:35,213 - WARNING - Verkeerd wachtwoord ingevoerd door gebruiker: fdsa
2024-10-14 13:56:11,507 - INFO - Home view bezocht door gebruiker: gast
2024-10-14 13:56:16,160 - WARNING - Verkeerd wachtwoord ingevoerd door gebruiker: None
2024-10-14 13:56:21,536 - INFO - kangyou logged in successfully.
2024-10-14 13:56:21,555 - INFO - Home view bezocht door gebruiker: kangyou
2024-10-14 13:56:24,102 - DEBUG - kangyou clicked the button.
2024-10-14 13:56:24,112 - INFO - Home view bezocht door gebruiker: kangyou
2024-10-14 13:56:24,576 - DEBUG - kangyou clicked the button.
2024-10-14 13:56:24,583 - INFO - Home view bezocht door gebruiker: kangyou
2024-10-14 13:56:24,971 - DEBUG - kangyou clicked the button.
2024-10-14 13:56:24,982 - INFO - Home view bezocht door gebruiker: kangyou
2024-10-14 13:56:35,620 - INFO - kangyou logged out.
2024-10-14 13:56:35,630 - INFO - Home view bezocht door gebruiker: gast
2024-10-14 13:56:43,849 - WARNING - Verkeerd wachtwoord ingevoerd door gebruiker: None
2024-10-14 13:56:46,761 - WARNING - Verkeerd wachtwoord ingevoerd door gebruiker: daw
2024-10-14 13:58:47,900 - WARNING - Verkeerd wachtwoord ingevoerd door gebruiker: kangyou
2024-10-14 14:09:07,684 - WARNING - Verkeerd wachtwoord ingevoerd door gebruiker: kangyoudd
2024-10-14 14:09:22,819 - WARNING - Verkeerd wachtwoord ingevoerd door gebruiker: fout
2024-10-14 14:22:53,276 - INFO - kangyou logged in successfully.
2024-10-14 14:22:53,340 - INFO - Home view bezocht door gebruiker: kangyou
2024-10-14 14:26:15,568 - INFO - Home view bezocht door gebruiker: kangyou
2024-10-14 14:26:17,703 - INFO - dashboard view bezocht door gebruiker: kangyou
2024-10-14 14:27:24,319 - INFO - dashboard view bezocht door gebruiker: kangyou
2024-10-14 14:27:33,692 - INFO - dashboard view bezocht door gebruiker: kangyou
2024-10-14 14:37:01,422 - INFO - dashboard view bezocht door gebruiker: kangyou
2024-10-14 14:37:20,373 - INFO - dashboard view bezocht door gebruiker: kangyou
2024-10-14 14:40:49,271 - INFO - dashboard view bezocht door gebruiker: kangyou
2024-10-14 14:44:31,541 - INFO - dashboard view bezocht door gebruiker: kangyou
2024-10-14 14:44:44,627 - INFO - dashboard view bezocht door gebruiker: kangyou
2024-10-14 14:45:06,679 - INFO - dashboard view bezocht door gebruiker: gast
2024-10-14 14:46:18,940 - INFO - dashboard view bezocht door gebruiker: gast
2024-10-14 14:49:24,630 - INFO - dashboard view bezocht door gebruiker: kangyou
2024-10-14 14:49:25,593 - INFO - dashboard view bezocht door gebruiker: kangyou
2024-10-14 14:49:26,689 - INFO - dashboard view bezocht door gebruiker: kangyou
2024-10-14 14:49:27,521 - INFO - dashboard view bezocht door gebruiker: kangyou
2024-10-14 14:49:57,677 - INFO - dashboard view bezocht door gebruiker: gast
2024-10-14 14:50:16,712 - INFO - dashboard view bezocht door gebruiker: gast
2024-10-14 14:50:28,383 - INFO - dashboard view bezocht door gebruiker: gast
2024-10-14 14:51:10,621 - INFO - dashboard view bezocht door gebruiker: gast
2024-10-14 14:51:35,023 - INFO - dashboard view bezocht door gebruiker: kangyou
2024-10-14 14:52:07,372 - INFO - Home view bezocht door gebruiker: kangyou
2024-10-14 14:52:11,182 - INFO - kangyou logged out.
2024-10-14 14:52:11,186 - INFO - Home view bezocht door gebruiker: gast
2024-10-14 14:52:14,231 - WARNING - Verkeerd wachtwoord ingevoerd door gebruiker: None
2024-10-14 14:52:22,253 - WARNING - Verkeerd wachtwoord ingevoerd door gebruiker: feafew
2024-10-14 14:52:33,647 - INFO - kangyou logged in successfully.
2024-10-14 14:52:33,673 - INFO - Home view bezocht door gebruiker: kangyou
2024-10-14 14:52:35,793 - INFO - dashboard view bezocht door gebruiker: kangyou
2024-10-14 15:03:19,454 - INFO - kangyou logged out.
2024-10-14 15:03:19,459 - INFO - Home view bezocht door gebruiker: gast
2024-10-14 15:03:21,231 - WARNING - Verkeerd wachtwoord ingevoerd door gebruiker: None
2024-10-14 15:03:26,163 - WARNING - Verkeerd wachtwoord ingevoerd door gebruiker: kmk
2024-10-14 15:12:07,445 - INFO - dashboard view bezocht door gebruiker: gast
2024-10-14 15:12:30,623 - INFO - dashboard view bezocht door gebruiker: gast
2024-10-14 15:13:37,972 - INFO - dashboard view bezocht door gebruiker: gast
2024-10-14 15:13:41,046 - INFO - dashboard view bezocht door gebruiker: gast
2024-10-14 15:13:49,583 - INFO - dashboard view bezocht door gebruiker: gast
2024-10-14 15:14:10,515 - INFO - Home view bezocht door gebruiker: gast
2024-10-14 15:14:12,397 - WARNING - Verkeerd wachtwoord ingevoerd door gebruiker: None
2024-10-14 15:14:18,419 - INFO - jack logged in successfully.
2024-10-14 15:14:18,436 - INFO - Home view bezocht door gebruiker: jack
2024-10-14 15:14:19,789 - INFO - dashboard view bezocht door gebruiker: jack
2024-10-14 15:14:23,623 - INFO - dashboard view bezocht door gebruiker: jack
2024-10-14 15:14:30,780 - DEBUG - jack clicked the button.
2024-10-14 15:14:30,788 - INFO - Home view bezocht door gebruiker: jack
2024-10-14 15:14:31,203 - DEBUG - jack clicked the button.
2024-10-14 15:14:31,208 - INFO - Home view bezocht door gebruiker: jack
2024-10-14 15:14:31,912 - DEBUG - jack clicked the button.
2024-10-14 15:14:31,918 - INFO - Home view bezocht door gebruiker: jack
2024-10-14 15:14:36,571 - INFO - jack logged out.
2024-10-14 15:14:36,574 - INFO - Home view bezocht door gebruiker: gast
2024-10-14 15:14:37,757 - WARNING - Verkeerd wachtwoord ingevoerd door gebruiker: None
2024-10-14 15:14:43,649 - WARNING - Verkeerd wachtwoord ingevoerd door gebruiker: jack
2024-10-14 15:14:49,042 - INFO - jack logged in successfully.
2024-10-14 15:14:49,057 - INFO - Home view bezocht door gebruiker: jack
2024-10-14 15:14:51,177 - INFO - dashboard view bezocht door gebruiker: jack
2024-10-14 15:14:59,885 - INFO - dashboard view bezocht door gebruiker: jack
2024-10-14 15:15:07,405 - INFO - dashboard view bezocht door gebruiker: jack
2024-10-14 15:15:10,078 - INFO - dashboard view bezocht door gebruiker: jack
2024-10-14 15:15:17,821 - INFO - dashboard view bezocht door gebruiker: jack
2024-10-14 15:15:18,962 - INFO - dashboard view bezocht door gebruiker: jack
2024-10-14 15:19:33,805 - INFO - dashboard view bezocht door gebruiker: jack
2024-10-14 15:19:35,357 - INFO - dashboard view bezocht door gebruiker: jack
2024-10-14 15:19:43,864 - INFO - dashboard view bezocht door gebruiker: jack
2024-10-14 15:19:50,637 - INFO - dashboard view bezocht door gebruiker: jack
2024-10-14 15:23:32,107 - INFO - Home view bezocht door gebruiker: jack
2024-10-14 15:23:36,107 - INFO - jack logged out.
2024-10-14 15:23:36,113 - INFO - Home view bezocht door gebruiker: gast
2024-10-14 15:23:37,459 - WARNING - Verkeerd wachtwoord ingevoerd door gebruiker: None
2024-10-14 15:23:43,999 - INFO - kangyou logged in successfully.
2024-10-14 15:23:44,016 - INFO - Home view bezocht door gebruiker: kangyou
2024-10-14 15:23:48,075 - INFO - dashboard view bezocht door gebruiker: kangyou
2024-10-14 15:23:49,946 - INFO - dashboard view bezocht door gebruiker: kangyou
2024-10-14 15:23:54,624 - INFO - dashboard view bezocht door gebruiker: kangyou
2024-10-14 15:25:07,993 - INFO - dashboard view bezocht door gebruiker: kangyou
2024-10-15 09:53:43,249 - INFO - Home view bezocht door gebruiker: kangyou
2024-10-15 09:53:47,356 - INFO - kangyou logged out.
2024-10-15 09:53:47,360 - INFO - Home view bezocht door gebruiker: gast
2024-10-15 09:54:35,132 - WARNING - Verkeerd wachtwoord ingevoerd door gebruiker: None
2024-10-15 09:55:35,701 - WARNING - Verkeerd wachtwoord ingevoerd door gebruiker: Kangyou
2024-10-15 09:57:47,939 - WARNING - Verkeerd wachtwoord ingevoerd door gebruiker: Kangyou
2024-10-15 09:57:52,592 - INFO - kangyou logged in successfully.
2024-10-15 09:57:52,613 - INFO - Home view bezocht door gebruiker: kangyou
2024-10-15 09:59:39,317 - INFO - test1 view bezocht door gebruiker: kangyou
2024-10-15 09:59:40,559 - INFO - test2 view bezocht door gebruiker: kangyou
2024-10-15 09:59:43,377 - DEBUG - kangyou clicked the button.
2024-10-15 09:59:43,392 - INFO - Home view bezocht door gebruiker: kangyou
2024-10-15 10:00:30,224 - INFO - dashboard view bezocht door gebruiker: kangyou
2024-10-15 10:00:44,059 - INFO - kangyou logged out.
2024-10-15 10:00:44,064 - INFO - Home view bezocht door gebruiker: gast
2024-10-15 10:01:07,580 - INFO -  someone created an account.
2024-10-15 10:01:07,595 - INFO - Home view bezocht door gebruiker: new
2024-10-15 10:01:13,072 - INFO - test1 view bezocht door gebruiker: new
2024-10-15 10:01:14,426 - INFO - test2 view bezocht door gebruiker: new
2024-10-15 10:01:16,208 - DEBUG - new clicked the button.
2024-10-15 10:01:26,517 - WARNING - Verkeerd wachtwoord ingevoerd door gebruiker: new
2024-10-15 10:01:33,073 - INFO - Home view bezocht door gebruiker: new
2024-10-15 10:01:34,353 - INFO - dashboard view bezocht door gebruiker: new
2024-10-15 10:07:00,022 - INFO - new logged out.
2024-10-15 10:07:00,028 - INFO - Home view bezocht door gebruiker: gast
2024-10-15 10:07:03,493 - WARNING - Verkeerd wachtwoord ingevoerd door gebruiker: None
2024-10-15 10:07:49,034 - WARNING - Verkeerd wachtwoord ingevoerd door gebruiker: kangyou
2024-10-15 10:14:51,206 - INFO - Home view bezocht door gebruiker: gast
2024-10-15 10:19:08,270 - WARNING - Verkeerd wachtwoord ingevoerd door gebruiker: None
2024-10-15 10:19:17,615 - WARNING - Verkeerd wachtwoord ingevoerd door gebruiker: Kangyou
2024-10-15 10:19:22,361 - INFO - kangyou logged in successfully.
2024-10-15 10:19:22,380 - INFO - Home view bezocht door gebruiker: kangyou
2024-10-15 10:19:24,041 - INFO - kangyou logged out.
2024-10-15 10:19:24,045 - INFO - Home view bezocht door gebruiker: gast
2024-10-15 10:19:26,023 - WARNING - Verkeerd wachtwoord ingevoerd door gebruiker: None
2024-10-15 10:19:30,978 - INFO - kangyou logged in successfully.
2024-10-15 10:19:30,993 - INFO - Home view bezocht door gebruiker: kangyou
2024-10-15 10:19:32,384 - DEBUG - kangyou clicked the button.
2024-10-15 10:19:32,396 - INFO - Home view bezocht door gebruiker: kangyou
2024-10-15 10:19:32,789 - DEBUG - kangyou clicked the button.
2024-10-15 10:19:32,799 - INFO - Home view bezocht door gebruiker: kangyou
2024-10-15 10:19:33,707 - INFO - test2 view bezocht door gebruiker: kangyou
2024-10-15 10:19:34,650 - INFO - test1 view bezocht door gebruiker: kangyou
2024-10-15 10:19:45,628 - INFO - dashboard view bezocht door gebruiker: kangyou
2024-10-15 10:19:48,161 - INFO - dashboard view bezocht door gebruiker: kangyou
2024-10-15 10:20:03,324 - INFO - dashboard view bezocht door gebruiker: kangyou
2024-10-15 10:31:35,381 - INFO - Home view bezocht door gebruiker: kangyou
2024-10-15 10:31:40,808 - INFO - kangyou logged out.
2024-10-15 10:31:40,814 - INFO - Home view bezocht door gebruiker: gast
2024-10-15 10:31:44,533 - INFO - test2 view bezocht door gebruiker: gast
2024-10-15 10:31:45,445 - INFO - test1 view bezocht door gebruiker: gast
2024-10-15 10:31:46,618 - WARNING - Verkeerd wachtwoord ingevoerd door gebruiker: None
2024-10-15 10:31:54,609 - INFO - kangyou logged in successfully.
2024-10-15 10:31:55,685 - INFO - kangyou logged in successfully.
2024-10-15 10:31:55,700 - INFO - Home view bezocht door gebruiker: kangyou
2024-10-15 10:31:57,515 - INFO - dashboard view bezocht door gebruiker: kangyou
2024-10-15 10:31:59,316 - DEBUG - kangyou clicked the button.
2024-10-15 10:31:59,326 - INFO - Home view bezocht door gebruiker: kangyou
2024-10-15 10:32:00,343 - INFO - test2 view bezocht door gebruiker: kangyou
2024-10-15 10:32:11,339 - DEBUG - kangyou clicked the button.
2024-10-15 10:32:11,349 - INFO - Home view bezocht door gebruiker: kangyou
2024-10-15 10:32:11,857 - DEBUG - kangyou clicked the button.
2024-10-15 10:32:11,865 - INFO - Home view bezocht door gebruiker: kangyou
2024-10-15 10:32:15,838 - DEBUG - kangyou clicked the button.
2024-10-15 10:32:15,851 - INFO - Home view bezocht door gebruiker: kangyou
2024-10-15 10:32:16,348 - DEBUG - kangyou clicked the button.
2024-10-15 10:32:16,358 - INFO - Home view bezocht door gebruiker: kangyou
2024-10-15 10:32:16,378 - DEBUG - kangyou clicked the button.
2024-10-15 10:32:16,403 - INFO - Home view bezocht door gebruiker: kangyou
2024-10-15 10:32:16,888 - DEBUG - kangyou clicked the button.
2024-10-15 10:32:16,898 - INFO - Home view bezocht door gebruiker: kangyou
2024-10-15 10:35:36,957 - INFO - Home view bezocht door gebruiker: kangyou
2024-10-15 10:35:44,751 - INFO - kangyou logged out.
2024-10-15 10:35:44,755 - INFO - Home view bezocht door gebruiker: gast
2024-10-15 10:35:46,370 - WARNING - Verkeerd wachtwoord ingevoerd door gebruiker: None
2024-10-15 10:35:51,069 - WARNING - Verkeerd wachtwoord ingevoerd door gebruiker: kangyou
2024-10-15 10:52:22,995 - INFO - Home view bezocht door gebruiker: gast
2024-10-15 10:52:24,998 - WARNING - Verkeerd wachtwoord ingevoerd door gebruiker: None
2024-10-15 10:52:27,289 - WARNING - Verkeerd wachtwoord ingevoerd door gebruiker: None
2024-10-15 10:52:30,795 - INFO - kangyou logged in successfully.
2024-10-15 10:52:30,811 - INFO - Home view bezocht door gebruiker: kangyou
2024-10-15 10:52:32,847 - INFO - dashboard view bezocht door gebruiker: kangyou
2024-10-15 10:52:39,062 - INFO - dashboard view bezocht door gebruiker: kangyou
2024-10-15 11:20:22,333 - INFO - Home view bezocht door gebruiker: kangyou
2024-10-15 11:20:26,039 - INFO - kangyou logged out.
2024-10-15 11:20:26,043 - INFO - Home view bezocht door gebruiker: gast
2024-10-15 11:20:27,250 - WARNING - Verkeerd wachtwoord ingevoerd door gebruiker: None
2024-10-15 11:20:39,009 - INFO - kangyou logged in successfully.
2024-10-15 11:20:39,038 - INFO - Home view bezocht door gebruiker: kangyou
2024-10-15 11:20:41,185 - DEBUG - kangyou clicked the button.
2024-10-15 11:20:41,192 - INFO - Home view bezocht door gebruiker: kangyou
2024-10-15 11:20:41,584 - DEBUG - kangyou clicked the button.
2024-10-15 11:20:41,592 - INFO - Home view bezocht door gebruiker: kangyou
2024-10-15 11:20:42,024 - DEBUG - kangyou clicked the button.
2024-10-15 11:20:42,035 - INFO - Home view bezocht door gebruiker: kangyou
2024-10-15 11:20:42,924 - INFO - test2 view bezocht door gebruiker: kangyou
2024-10-15 11:27:58,175 - INFO - Home view bezocht door gebruiker: kangyou
2024-10-15 11:28:01,026 - DEBUG - kangyou clicked the button.
2024-10-15 11:28:01,032 - INFO - Home view bezocht door gebruiker: kangyou
2024-10-15 11:28:01,426 - DEBUG - kangyou clicked the button.
2024-10-15 11:28:01,433 - INFO - Home view bezocht door gebruiker: kangyou
2024-10-15 11:28:01,825 - DEBUG - kangyou clicked the button.
2024-10-15 11:28:01,834 - INFO - Home view bezocht door gebruiker: kangyou
2024-10-15 11:37:05,399 - INFO - Home view bezocht door gebruiker: kangyou
2024-10-15 11:37:07,011 - DEBUG - kangyou clicked the button.
2024-10-15 11:37:07,019 - INFO - Home view bezocht door gebruiker: kangyou
2024-10-15 11:37:07,251 - DEBUG - kangyou clicked the button.
2024-10-15 11:37:07,262 - INFO - Home view bezocht door gebruiker: kangyou
2024-10-15 11:37:10,143 - INFO - dashboard view bezocht door gebruiker: kangyou
2024-10-15 11:37:37,024 - INFO - Home view bezocht door gebruiker: kangyou
2024-10-15 11:37:38,889 - DEBUG - kangyou clicked the button.
2024-10-15 11:37:38,896 - INFO - Home view bezocht door gebruiker: kangyou
2024-10-15 11:37:39,290 - DEBUG - kangyou clicked the button.
2024-10-15 11:37:39,297 - INFO - Home view bezocht door gebruiker: kangyou
2024-10-15 11:37:49,008 - DEBUG - kangyou clicked the button.
2024-10-15 11:37:49,014 - INFO - Home view bezocht door gebruiker: kangyou
2024-10-15 11:37:49,264 - DEBUG - kangyou clicked the button.
2024-10-15 11:37:49,271 - INFO - Home view bezocht door gebruiker: kangyou
2024-10-15 11:37:51,635 - INFO - kangyou logged out.
2024-10-15 11:37:51,639 - INFO - Home view bezocht door gebruiker: gast
2024-10-15 11:52:49,454 - INFO - Home view bezocht door gebruiker: gast
2024-10-15 11:52:52,638 - INFO - test2 view bezocht door gebruiker: gast
2024-10-15 11:52:53,646 - INFO - test1 view bezocht door gebruiker: gast
2024-10-15 11:52:56,122 - WARNING - Verkeerd wachtwoord ingevoerd door gebruiker: None
2024-10-15 11:53:00,636 - INFO - kangyou logged in successfully.
2024-10-15 11:53:00,653 - INFO - Home view bezocht door gebruiker: kangyou
2024-10-15 11:53:02,326 - DEBUG - kangyou clicked the button.
2024-10-15 11:53:02,334 - INFO - Home view bezocht door gebruiker: kangyou
2024-10-15 11:53:02,589 - DEBUG - kangyou clicked the button.
2024-10-15 11:53:02,594 - INFO - Home view bezocht door gebruiker: kangyou
2024-10-15 11:53:02,804 - DEBUG - kangyou clicked the button.
2024-10-15 11:53:02,811 - INFO - Home view bezocht door gebruiker: kangyou
2024-10-15 12:29:20,967 - INFO - Home view bezocht door gebruiker: kangyou
2024-10-15 12:29:27,421 - INFO - test1 view bezocht door gebruiker: kangyou
2024-10-15 12:29:28,544 - INFO - test2 view bezocht door gebruiker: kangyou
2024-10-15 12:29:29,960 - DEBUG - kangyou clicked the button.
2024-10-15 12:29:29,966 - INFO - Home view bezocht door gebruiker: kangyou
2024-10-15 12:29:30,363 - DEBUG - kangyou clicked the button.
2024-10-15 12:29:30,375 - INFO - Home view bezocht door gebruiker: kangyou
2024-10-15 12:29:33,295 - INFO - kangyou logged out.
2024-10-15 12:29:33,299 - INFO - Home view bezocht door gebruiker: gast
2024-10-15 12:29:34,226 - WARNING - Verkeerd wachtwoord ingevoerd door gebruiker: None
2024-10-15 12:29:40,896 - WARNING - Verkeerd wachtwoord ingevoerd door gebruiker: kangyou
2024-10-15 12:29:44,740 - INFO - kangyou logged in successfully.
2024-10-15 12:29:44,758 - INFO - Home view bezocht door gebruiker: kangyou
2024-10-15 12:29:46,013 - INFO - dashboard view bezocht door gebruiker: kangyou
2024-10-15 14:29:22,965 - INFO - Home view bezocht door gebruiker: kangyou
2024-10-15 14:29:28,184 - DEBUG - kangyou clicked the button.
2024-10-15 14:29:28,195 - INFO - Home view bezocht door gebruiker: kangyou
2024-10-15 14:29:28,852 - DEBUG - kangyou clicked the button.
2024-10-15 14:29:28,859 - INFO - Home view bezocht door gebruiker: kangyou
2024-10-15 14:29:29,272 - DEBUG - kangyou clicked the button.
2024-10-15 14:29:29,278 - INFO - Home view bezocht door gebruiker: kangyou
2024-10-15 14:29:29,643 - DEBUG - kangyou clicked the button.
2024-10-15 14:29:29,650 - INFO - Home view bezocht door gebruiker: kangyou
2024-10-15 14:29:30,069 - DEBUG - kangyou clicked the button.
2024-10-15 14:29:30,079 - INFO - Home view bezocht door gebruiker: kangyou
2024-10-15 14:29:30,107 - DEBUG - kangyou clicked the button.
2024-10-15 14:29:30,117 - INFO - Home view bezocht door gebruiker: kangyou
2024-10-15 14:29:33,437 - DEBUG - kangyou clicked the button.
2024-10-15 14:29:33,445 - INFO - Home view bezocht door gebruiker: kangyou
2024-10-15 14:29:33,897 - DEBUG - kangyou clicked the button.
2024-10-15 14:29:33,902 - INFO - Home view bezocht door gebruiker: kangyou
2024-10-15 14:29:34,285 - DEBUG - kangyou clicked the button.
2024-10-15 14:29:34,294 - INFO - Home view bezocht door gebruiker: kangyou
2024-10-15 14:29:34,684 - DEBUG - kangyou clicked the button.
2024-10-15 14:29:34,693 - INFO - Home view bezocht door gebruiker: kangyou
2024-10-15 14:36:56,126 - INFO - Home view bezocht door gebruiker: kangyou
2024-10-15 14:36:59,879 - DEBUG - kangyou clicked the button.
2024-10-15 14:36:59,887 - INFO - Home view bezocht door gebruiker: kangyou
2024-10-15 14:37:00,164 - DEBUG - kangyou clicked the button.
2024-10-15 14:37:00,170 - INFO - Home view bezocht door gebruiker: kangyou
2024-10-15 14:37:05,596 - DEBUG - kangyou clicked the button.
2024-10-15 14:37:05,612 - INFO - Home view bezocht door gebruiker: kangyou
2024-10-15 14:37:06,045 - DEBUG - kangyou clicked the button.
2024-10-15 14:37:06,053 - INFO - Home view bezocht door gebruiker: kangyou
2024-10-15 14:37:06,077 - DEBUG - kangyou clicked the button.
2024-10-15 14:37:06,087 - INFO - Home view bezocht door gebruiker: kangyou
2024-10-15 14:37:06,470 - DEBUG - kangyou clicked the button.
2024-10-15 14:37:06,480 - INFO - Home view bezocht door gebruiker: kangyou
2024-10-15 14:37:06,910 - DEBUG - kangyou clicked the button.
2024-10-15 14:37:06,919 - INFO - Home view bezocht door gebruiker: kangyou
2024-10-15 14:37:07,323 - DEBUG - kangyou clicked the button.
2024-10-15 14:37:07,330 - INFO - Home view bezocht door gebruiker: kangyou
2024-10-15 14:37:07,711 - DEBUG - kangyou clicked the button.
2024-10-15 14:37:07,722 - INFO - Home view bezocht door gebruiker: kangyou
2024-10-15 14:37:07,747 - DEBUG - kangyou clicked the button.
2024-10-15 14:37:07,752 - INFO - Home view bezocht door gebruiker: kangyou
2024-10-15 14:37:08,175 - DEBUG - kangyou clicked the button.
2024-10-15 14:37:08,186 - INFO - Home view bezocht door gebruiker: kangyou
2024-10-15 14:37:08,210 - DEBUG - kangyou clicked the button.
2024-10-15 14:37:08,215 - INFO - Home view bezocht door gebruiker: kangyou
2024-10-15 14:37:08,592 - DEBUG - kangyou clicked the button.
2024-10-15 14:37:08,600 - INFO - Home view bezocht door gebruiker: kangyou
2024-10-15 14:49:02,116 - INFO - Home view bezocht door gebruiker: kangyou
2024-10-15 14:49:10,604 - DEBUG - kangyou heeft de knop ingedrukt.
2024-10-15 14:49:10,615 - INFO - Home view bezocht door gebruiker: kangyou
2024-10-15 14:49:11,018 - DEBUG - kangyou heeft de knop ingedrukt.
2024-10-15 14:49:11,029 - INFO - Home view bezocht door gebruiker: kangyou
2024-10-15 14:49:19,249 - INFO - test2 view bezocht door gebruiker: kangyou
2024-10-15 14:49:20,181 - INFO - test1 view bezocht door gebruiker: kangyou
2024-10-15 14:49:21,291 - INFO - kangyou is uitgelogd.
2024-10-15 14:49:21,297 - INFO - Home view bezocht door gebruiker: gast
2024-10-15 14:49:22,408 - WARNING - Onjuist wachtwoord ingevoerd door gebruiker: None
2024-10-15 14:49:26,505 - INFO - kangyou is succesvol ingelogd.
2024-10-15 14:49:26,522 - INFO - Home view bezocht door gebruiker: kangyou
2024-10-15 14:49:27,875 - DEBUG - kangyou heeft de knop ingedrukt.
2024-10-15 14:49:27,884 - INFO - Home view bezocht door gebruiker: kangyou
2024-10-15 14:49:28,305 - DEBUG - kangyou heeft de knop ingedrukt.
2024-10-15 14:49:28,313 - INFO - Home view bezocht door gebruiker: kangyou
2024-10-15 14:51:44,937 - INFO - Home view bezocht door gebruiker: kangyou
2024-10-15 14:51:46,590 - DEBUG - kangyou heeft de knop ingedrukt.
2024-10-15 14:51:46,638 - INFO - Home view bezocht door gebruiker: kangyou
2024-10-15 14:51:47,057 - DEBUG - kangyou heeft de knop ingedrukt.
2024-10-15 14:51:47,078 - INFO - Home view bezocht door gebruiker: kangyou
2024-10-15 14:51:53,987 - DEBUG - kangyou heeft de knop ingedrukt.
2024-10-15 14:51:53,994 - INFO - Home view bezocht door gebruiker: kangyou
2024-10-15 14:51:54,434 - DEBUG - kangyou heeft de knop ingedrukt.
2024-10-15 14:51:54,444 - INFO - Home view bezocht door gebruiker: kangyou
2024-10-15 14:51:54,857 - DEBUG - kangyou heeft de knop ingedrukt.
2024-10-15 14:51:54,869 - INFO - Home view bezocht door gebruiker: kangyou
2024-10-15 14:52:00,263 - INFO - test2 view bezocht door gebruiker: kangyou
2024-10-15 14:52:01,218 - INFO - test2 view bezocht door gebruiker: kangyou
2024-10-15 14:52:01,832 - INFO - test2 view bezocht door gebruiker: kangyou
2024-10-15 14:52:02,456 - INFO - test2 view bezocht door gebruiker: kangyou
2024-10-15 14:52:07,482 - INFO - Home view bezocht door gebruiker: kangyou
2024-10-15 15:06:11,966 - INFO - Home view bezocht door gebruiker: kangyou
2024-10-15 15:06:13,947 - DEBUG - kangyou heeft de knop ingedrukt.
2024-10-15 15:06:13,959 - INFO - Home view bezocht door gebruiker: kangyou
2024-10-15 15:06:14,353 - DEBUG - kangyou heeft de knop ingedrukt.
2024-10-15 15:06:14,370 - INFO - Home view bezocht door gebruiker: kangyou
2024-10-15 15:06:21,616 - DEBUG - kangyou heeft de knop ingedrukt.
2024-10-15 15:06:21,625 - INFO - Home view bezocht door gebruiker: kangyou
2024-10-15 15:06:22,068 - DEBUG - kangyou heeft de knop ingedrukt.
2024-10-15 15:06:22,078 - INFO - Home view bezocht door gebruiker: kangyou
2024-10-15 15:06:55,514 - INFO - Home view bezocht door gebruiker: kangyou
2024-10-15 15:06:59,750 - INFO - Home view bezocht door gebruiker: kangyou
2024-10-15 15:07:10,524 - INFO - Home view bezocht door gebruiker: gast
2024-10-15 15:07:13,001 - INFO - test1 view bezocht door gebruiker: gast
2024-10-15 15:07:13,941 - INFO - Home view bezocht door gebruiker: gast
2024-10-15 15:07:18,115 - INFO - test2 view bezocht door gebruiker: gast
2024-10-15 15:07:22,719 - WARNING - Onjuist wachtwoord ingevoerd door gebruiker: None
2024-10-15 15:07:27,139 - INFO - kangyou is succesvol ingelogd.
2024-10-15 15:07:27,163 - INFO - Home view bezocht door gebruiker: kangyou
2024-10-15 15:07:28,335 - DEBUG - kangyou heeft de knop ingedrukt.
2024-10-15 15:07:28,345 - INFO - Home view bezocht door gebruiker: kangyou
2024-10-15 15:07:28,477 - DEBUG - kangyou heeft de knop ingedrukt.
2024-10-15 15:07:28,487 - INFO - Home view bezocht door gebruiker: kangyou
2024-10-15 15:07:28,877 - DEBUG - kangyou heeft de knop ingedrukt.
2024-10-15 15:07:28,887 - INFO - Home view bezocht door gebruiker: kangyou
2024-10-15 15:07:29,055 - DEBUG - kangyou heeft de knop ingedrukt.
2024-10-15 15:07:29,065 - INFO - Home view bezocht door gebruiker: kangyou
2024-10-15 15:07:29,196 - DEBUG - kangyou heeft de knop ingedrukt.
2024-10-15 15:07:29,209 - INFO - Home view bezocht door gebruiker: kangyou
2024-10-15 15:07:29,308 - DEBUG - kangyou heeft de knop ingedrukt.
2024-10-15 15:07:29,319 - INFO - Home view bezocht door gebruiker: kangyou
2024-10-15 15:07:29,424 - DEBUG - kangyou heeft de knop ingedrukt.
2024-10-15 15:07:29,434 - INFO - Home view bezocht door gebruiker: kangyou
2024-10-15 15:07:29,541 - DEBUG - kangyou heeft de knop ingedrukt.
2024-10-15 15:07:29,553 - INFO - Home view bezocht door gebruiker: kangyou
2024-10-15 15:07:29,681 - DEBUG - kangyou heeft de knop ingedrukt.
2024-10-15 15:07:29,695 - INFO - Home view bezocht door gebruiker: kangyou
2024-10-15 15:12:01,739 - DEBUG - kangyou heeft de knop ingedrukt.
2024-10-15 15:12:01,749 - INFO - Home view bezocht door gebruiker: kangyou
2024-10-15 15:12:02,190 - DEBUG - kangyou heeft de knop ingedrukt.
2024-10-15 15:12:02,200 - INFO - Home view bezocht door gebruiker: kangyou
