2024-10-14 13:56:16,160 - WARNING - Verkeerd wachtwoord ingevoerd door gebruiker: None
2024-10-14 13:56:43,849 - WARNING - Verkeerd wachtwoord ingevoerd door gebruiker: None
2024-10-14 13:56:46,761 - WARNING - Verkeerd wachtwoord ingevoerd door gebruiker: daw
2024-10-14 13:58:47,900 - WARNING - Verkeerd wachtwoord ingevoerd door gebruiker: kangyou
2024-10-14 14:09:07,684 - WARNING - Verkeerd wachtwoord ingevoerd door gebruiker: kangyoudd
2024-10-14 14:09:22,819 - WARNING - Verkeerd wachtwoord ingevoerd door gebruiker: fout
2024-10-14 14:52:14,231 - WARNING - Verkeerd wachtwoord ingevoerd door gebruiker: None
2024-10-14 14:52:22,253 - WARNING - Verkeerd wachtwoord ingevoerd door gebruiker: feafew
2024-10-14 15:03:21,231 - WARNING - Verkeerd wachtwoord ingevoerd door gebruiker: None
2024-10-14 15:03:26,163 - WARNING - Verkeerd wachtwoord ingevoerd door gebruiker: kmk
2024-10-14 15:14:12,397 - WARNING - Verkeerd wachtwoord ingevoerd door gebruiker: None
2024-10-14 15:14:37,757 - WARNING - Verkeerd wachtwoord ingevoerd door gebruiker: None
2024-10-14 15:14:43,649 - WARNING - Verkeerd wachtwoord ingevoerd door gebruiker: jack
2024-10-14 15:23:37,459 - WARNING - Verkeerd wachtwoord ingevoerd door gebruiker: None
2024-10-15 09:54:35,132 - WARNING - Verkeerd wachtwoord ingevoerd door gebruiker: None
2024-10-15 09:55:35,701 - WARNING - Verkeerd wachtwoord ingevoerd door gebruiker: Kangyou
2024-10-15 09:57:47,939 - WARNING - Verkeerd wachtwoord ingevoerd door gebruiker: Kangyou
2024-10-15 10:01:22,366 - WARNING - Verkeerd wachtwoord ingevoerd door gebruiker: None
2024-10-15 10:01:26,517 - WARNING - Verkeerd wachtwoord ingevoerd door gebruiker: new
2024-10-15 10:07:03,493 - WARNING - Verkeerd wachtwoord ingevoerd door gebruiker: None
2024-10-15 10:07:49,034 - WARNING - Verkeerd wachtwoord ingevoerd door gebruiker: kangyou
2024-10-15 10:19:08,270 - WARNING - Verkeerd wachtwoord ingevoerd door gebruiker: None
2024-10-15 10:19:17,615 - WARNING - Verkeerd wachtwoord ingevoerd door gebruiker: Kangyou
2024-10-15 10:19:26,023 - WARNING - Verkeerd wachtwoord ingevoerd door gebruiker: None
2024-10-15 10:31:46,618 - WARNING - Verkeerd wachtwoord ingevoerd door gebruiker: None
2024-10-17 10:09:00,964 - WARNING - Verkeerd wachtwoord ingevoerd door gebruiker: ky
2024-10-17 11:17:34,033 - WARNING - Verkeerd wachtwoord ingevoerd door gebruiker: None
2024-10-17 11:17:38,376 - WARNING - Verkeerd wachtwoord ingevoerd door gebruiker: kangyou
2024-10-17 11:23:11,072 - WARNING - Verkeerd wachtwoord ingevoerd door gebruiker: None
2024-10-17 12:05:15,287 - WARNING - Verkeerd wachtwoord ingevoerd door gebruiker: None
2024-10-17 12:05:23,317 - WARNING - Verkeerd wachtwoord ingevoerd door gebruiker: kangyou
2024-10-17 12:05:30,531 - WARNING - Verkeerd wachtwoord ingevoerd door gebruiker: kangyou
2024-10-17 13:03:03,845 - WARNING - Verkeerd wachtwoord ingevoerd door gebruiker: None
2024-10-17 13:45:26,156 - WARNING - Verkeerd wachtwoord ingevoerd door gebruiker: None
2024-10-17 13:45:30,947 - WARNING - Verkeerd wachtwoord ingevoerd door gebruiker: kangyou
2024-10-17 15:03:45,236 - WARNING - Verkeerd wachtwoord ingevoerd door gebruiker: None
2024-10-17 16:09:30,935 - WARNING - Verkeerd wachtwoord ingevoerd door gebruiker: None
2024-10-17 16:09:36,117 - WARNING - Verkeerd wachtwoord ingevoerd door gebruiker: kangyou
2024-10-18 12:36:58,694 - WARNING - Verkeerd wachtwoord ingevoerd door gebruiker: None
2024-10-18 14:54:36,451 - WARNING - Verkeerd wachtwoord ingevoerd door gebruiker: None
2024-10-18 14:54:42,694 - WARNING - Verkeerd wachtwoord ingevoerd door gebruiker: kangyou
